{"C:\\Users\\fande\\Desktop\\M1_projet_école\\dernier-metro-API\\api\\server.js": {"path":"C:\\Users\\fande\\Desktop\\M1_projet_école\\dernier-metro-API\\api\\server.js","statementMap":{"0":{"start":{"line":3,"column":17},"end":{"line":3,"column":30}},"1":{"start":{"line":4,"column":16},"end":{"line":4,"column":34}},"2":{"start":{"line":5,"column":12},"end":{"line":5,"column":21}},"3":{"start":{"line":6,"column":13},"end":{"line":6,"column":37}},"4":{"start":{"line":8,"column":0},"end":{"line":8,"column":46}},"5":{"start":{"line":9,"column":15},"end":{"line":15,"column":2}},"6":{"start":{"line":18,"column":0},"end":{"line":28,"column":3}},"7":{"start":{"line":19,"column":15},"end":{"line":19,"column":25}},"8":{"start":{"line":21,"column":4},"end":{"line":25,"column":7}},"9":{"start":{"line":22,"column":19},"end":{"line":22,"column":29}},"10":{"start":{"line":23,"column":25},"end":{"line":23,"column":32}},"11":{"start":{"line":24,"column":8},"end":{"line":24,"column":90}},"12":{"start":{"line":27,"column":4},"end":{"line":27,"column":11}},"13":{"start":{"line":31,"column":0},"end":{"line":47,"column":3}},"14":{"start":{"line":32,"column":4},"end":{"line":46,"column":5}},"15":{"start":{"line":33,"column":23},"end":{"line":33,"column":92}},"16":{"start":{"line":34,"column":8},"end":{"line":38,"column":11}},"17":{"start":{"line":40,"column":8},"end":{"line":40,"column":57}},"18":{"start":{"line":41,"column":8},"end":{"line":45,"column":11}},"19":{"start":{"line":51,"column":15},"end":{"line":51,"column":29}},"20":{"start":{"line":52,"column":17},"end":{"line":52,"column":105}},"21":{"start":{"line":52,"column":22},"end":{"line":52,"column":105}},"22":{"start":{"line":59,"column":22},"end":{"line":59,"column":36}},"23":{"start":{"line":60,"column":24},"end":{"line":60,"column":40}},"24":{"start":{"line":64,"column":4},"end":{"line":65,"column":66}},"25":{"start":{"line":67,"column":2},"end":{"line":69,"column":3}},"26":{"start":{"line":68,"column":4},"end":{"line":68,"column":37}},"27":{"start":{"line":72,"column":23},"end":{"line":73,"column":65}},"28":{"start":{"line":75,"column":15},"end":{"line":75,"column":63}},"29":{"start":{"line":76,"column":2},"end":{"line":81,"column":4}},"30":{"start":{"line":84,"column":0},"end":{"line":89,"column":3}},"31":{"start":{"line":85,"column":4},"end":{"line":88,"column":7}},"32":{"start":{"line":91,"column":0},"end":{"line":133,"column":3}},"33":{"start":{"line":92,"column":20},"end":{"line":92,"column":37}},"34":{"start":{"line":93,"column":4},"end":{"line":98,"column":5}},"35":{"start":{"line":94,"column":8},"end":{"line":97,"column":11}},"36":{"start":{"line":99,"column":4},"end":{"line":132,"column":5}},"37":{"start":{"line":100,"column":22},"end":{"line":103,"column":9}},"38":{"start":{"line":105,"column":8},"end":{"line":107,"column":9}},"39":{"start":{"line":106,"column":12},"end":{"line":106,"column":98}},"40":{"start":{"line":109,"column":23},"end":{"line":109,"column":36}},"41":{"start":{"line":111,"column":8},"end":{"line":119,"column":9}},"42":{"start":{"line":112,"column":12},"end":{"line":118,"column":15}},"43":{"start":{"line":121,"column":8},"end":{"line":128,"column":11}},"44":{"start":{"line":130,"column":8},"end":{"line":130,"column":49}},"45":{"start":{"line":131,"column":8},"end":{"line":131,"column":87}},"46":{"start":{"line":135,"column":0},"end":{"line":172,"column":3}},"47":{"start":{"line":136,"column":20},"end":{"line":136,"column":37}},"48":{"start":{"line":137,"column":4},"end":{"line":139,"column":5}},"49":{"start":{"line":138,"column":8},"end":{"line":138,"column":66}},"50":{"start":{"line":140,"column":25},"end":{"line":140,"column":39}},"51":{"start":{"line":141,"column":4},"end":{"line":171,"column":5}},"52":{"start":{"line":142,"column":31},"end":{"line":142,"column":106}},"53":{"start":{"line":143,"column":8},"end":{"line":145,"column":9}},"54":{"start":{"line":144,"column":12},"end":{"line":144,"column":85}},"55":{"start":{"line":146,"column":25},"end":{"line":146,"column":53}},"56":{"start":{"line":147,"column":27},"end":{"line":149,"column":9}},"57":{"start":{"line":150,"column":8},"end":{"line":152,"column":9}},"58":{"start":{"line":151,"column":12},"end":{"line":151,"column":81}},"59":{"start":{"line":153,"column":24},"end":{"line":153,"column":48}},"60":{"start":{"line":155,"column":27},"end":{"line":157,"column":9}},"61":{"start":{"line":156,"column":17},"end":{"line":156,"column":63}},"62":{"start":{"line":158,"column":8},"end":{"line":160,"column":9}},"63":{"start":{"line":159,"column":12},"end":{"line":159,"column":70}},"64":{"start":{"line":161,"column":26},"end":{"line":161,"column":45}},"65":{"start":{"line":162,"column":8},"end":{"line":167,"column":11}},"66":{"start":{"line":169,"column":8},"end":{"line":169,"column":49}},"67":{"start":{"line":170,"column":8},"end":{"line":170,"column":87}},"68":{"start":{"line":175,"column":0},"end":{"line":180,"column":3}},"69":{"start":{"line":176,"column":4},"end":{"line":179,"column":7}},"70":{"start":{"line":182,"column":0},"end":{"line":182,"column":33}}},"fnMap":{"0":{"name":"(anonymous_0)","decl":{"start":{"line":18,"column":8},"end":{"line":18,"column":9}},"loc":{"start":{"line":18,"column":28},"end":{"line":28,"column":1}},"line":18},"1":{"name":"(anonymous_1)","decl":{"start":{"line":21,"column":21},"end":{"line":21,"column":22}},"loc":{"start":{"line":21,"column":27},"end":{"line":25,"column":5}},"line":21},"2":{"name":"(anonymous_2)","decl":{"start":{"line":31,"column":22},"end":{"line":31,"column":23}},"loc":{"start":{"line":31,"column":43},"end":{"line":47,"column":1}},"line":31},"3":{"name":"nextArrival","decl":{"start":{"line":49,"column":9},"end":{"line":49,"column":20}},"loc":{"start":{"line":49,"column":55},"end":{"line":82,"column":1}},"line":49},"4":{"name":"(anonymous_4)","decl":{"start":{"line":52,"column":17},"end":{"line":52,"column":18}},"loc":{"start":{"line":52,"column":22},"end":{"line":52,"column":105}},"line":52},"5":{"name":"(anonymous_5)","decl":{"start":{"line":84,"column":19},"end":{"line":84,"column":20}},"loc":{"start":{"line":84,"column":33},"end":{"line":89,"column":1}},"line":84},"6":{"name":"(anonymous_6)","decl":{"start":{"line":91,"column":23},"end":{"line":91,"column":24}},"loc":{"start":{"line":91,"column":43},"end":{"line":133,"column":1}},"line":91},"7":{"name":"(anonymous_7)","decl":{"start":{"line":135,"column":23},"end":{"line":135,"column":24}},"loc":{"start":{"line":135,"column":43},"end":{"line":172,"column":1}},"line":135},"8":{"name":"(anonymous_8)","decl":{"start":{"line":156,"column":12},"end":{"line":156,"column":13}},"loc":{"start":{"line":156,"column":17},"end":{"line":156,"column":63}},"line":156},"9":{"name":"(anonymous_9)","decl":{"start":{"line":175,"column":8},"end":{"line":175,"column":9}},"loc":{"start":{"line":175,"column":28},"end":{"line":180,"column":1}},"line":175}},"branchMap":{"0":{"loc":{"start":{"line":6,"column":13},"end":{"line":6,"column":37}},"type":"binary-expr","locations":[{"start":{"line":6,"column":13},"end":{"line":6,"column":29}},{"start":{"line":6,"column":33},"end":{"line":6,"column":37}}],"line":6},"1":{"loc":{"start":{"line":49,"column":21},"end":{"line":49,"column":37}},"type":"default-arg","locations":[{"start":{"line":49,"column":27},"end":{"line":49,"column":37}}],"line":49},"2":{"loc":{"start":{"line":49,"column":39},"end":{"line":49,"column":53}},"type":"default-arg","locations":[{"start":{"line":49,"column":52},"end":{"line":49,"column":53}}],"line":49},"3":{"loc":{"start":{"line":64,"column":4},"end":{"line":65,"column":66}},"type":"binary-expr","locations":[{"start":{"line":64,"column":5},"end":{"line":64,"column":20}},{"start":{"line":64,"column":25},"end":{"line":64,"column":42}},{"start":{"line":64,"column":46},"end":{"line":64,"column":64}},{"start":{"line":65,"column":5},"end":{"line":65,"column":20}},{"start":{"line":65,"column":25},"end":{"line":65,"column":42}},{"start":{"line":65,"column":46},"end":{"line":65,"column":64}}],"line":64},"4":{"loc":{"start":{"line":67,"column":2},"end":{"line":69,"column":3}},"type":"if","locations":[{"start":{"line":67,"column":2},"end":{"line":69,"column":3}},{"start":{},"end":{}}],"line":67},"5":{"loc":{"start":{"line":72,"column":23},"end":{"line":73,"column":65}},"type":"binary-expr","locations":[{"start":{"line":72,"column":24},"end":{"line":72,"column":41}},{"start":{"line":72,"column":45},"end":{"line":72,"column":64}},{"start":{"line":73,"column":24},"end":{"line":73,"column":41}},{"start":{"line":73,"column":45},"end":{"line":73,"column":64}}],"line":72},"6":{"loc":{"start":{"line":93,"column":4},"end":{"line":98,"column":5}},"type":"if","locations":[{"start":{"line":93,"column":4},"end":{"line":98,"column":5}},{"start":{},"end":{}}],"line":93},"7":{"loc":{"start":{"line":105,"column":8},"end":{"line":107,"column":9}},"type":"if","locations":[{"start":{"line":105,"column":8},"end":{"line":107,"column":9}},{"start":{},"end":{}}],"line":105},"8":{"loc":{"start":{"line":111,"column":8},"end":{"line":119,"column":9}},"type":"if","locations":[{"start":{"line":111,"column":8},"end":{"line":119,"column":9}},{"start":{},"end":{}}],"line":111},"9":{"loc":{"start":{"line":137,"column":4},"end":{"line":139,"column":5}},"type":"if","locations":[{"start":{"line":137,"column":4},"end":{"line":139,"column":5}},{"start":{},"end":{}}],"line":137},"10":{"loc":{"start":{"line":143,"column":8},"end":{"line":145,"column":9}},"type":"if","locations":[{"start":{"line":143,"column":8},"end":{"line":145,"column":9}},{"start":{},"end":{}}],"line":143},"11":{"loc":{"start":{"line":150,"column":8},"end":{"line":152,"column":9}},"type":"if","locations":[{"start":{"line":150,"column":8},"end":{"line":152,"column":9}},{"start":{},"end":{}}],"line":150},"12":{"loc":{"start":{"line":158,"column":8},"end":{"line":160,"column":9}},"type":"if","locations":[{"start":{"line":158,"column":8},"end":{"line":160,"column":9}},{"start":{},"end":{}}],"line":158}},"s":{"0":1,"1":1,"2":1,"3":1,"4":1,"5":1,"6":1,"7":7,"8":7,"9":7,"10":7,"11":7,"12":7,"13":1,"14":1,"15":1,"16":1,"17":0,"18":0,"19":1,"20":1,"21":1,"22":1,"23":1,"24":1,"25":1,"26":0,"27":1,"28":1,"29":1,"30":1,"31":0,"32":1,"33":3,"34":3,"35":0,"36":3,"37":3,"38":2,"39":1,"40":1,"41":1,"42":0,"43":1,"44":1,"45":1,"46":1,"47":3,"48":3,"49":0,"50":3,"51":3,"52":3,"53":2,"54":0,"55":2,"56":2,"57":2,"58":0,"59":2,"60":2,"61":2,"62":2,"63":1,"64":1,"65":1,"66":1,"67":1,"68":1,"69":0,"70":1},"f":{"0":7,"1":7,"2":1,"3":1,"4":1,"5":0,"6":3,"7":3,"8":2,"9":0},"b":{"0":[1,1],"1":[1],"2":[1],"3":[1,0,0,1,1,0],"4":[0,1],"5":[1,0,1,0],"6":[0,3],"7":[1,1],"8":[0,1],"9":[0,3],"10":[0,2],"11":[0,2],"12":[1,1]},"_coverageSchema":"1a1c01bbd47fc00a2c39e90264f33305004495a9","hash":"64e3d3ecdff70b5049e7d90fae4df31dc1114666"}
,"C:\\Users\\fande\\Desktop\\M1_projet_école\\dernier-metro-API\\api\\src\\lib\\time.js": {"path":"C:\\Users\\fande\\Desktop\\M1_projet_école\\dernier-metro-API\\api\\src\\lib\\time.js","statementMap":{"0":{"start":{"line":4,"column":17},"end":{"line":4,"column":70}},"1":{"start":{"line":5,"column":4},"end":{"line":5,"column":28}},"2":{"start":{"line":9,"column":4},"end":{"line":9,"column":103}},"3":{"start":{"line":12,"column":0},"end":{"line":12,"column":49}}},"fnMap":{"0":{"name":"computeNextHHMM","decl":{"start":{"line":3,"column":9},"end":{"line":3,"column":24}},"loc":{"start":{"line":3,"column":47},"end":{"line":6,"column":1}},"line":3},"1":{"name":"formatHHMM","decl":{"start":{"line":8,"column":9},"end":{"line":8,"column":19}},"loc":{"start":{"line":8,"column":26},"end":{"line":10,"column":1}},"line":8}},"branchMap":{},"s":{"0":10,"1":10,"2":14,"3":1},"f":{"0":10,"1":14},"b":{},"_coverageSchema":"1a1c01bbd47fc00a2c39e90264f33305004495a9","hash":"5d126c2551dbc1c6f8ca7853e67c3cbf3195afd0"}
}
