TN:
SF:server.js
FN:18,(anonymous_0)
FN:21,(anonymous_1)
FN:31,(anonymous_2)
FN:49,nextArrival
FN:52,(anonymous_4)
FN:84,(anonymous_5)
FN:91,(anonymous_6)
FN:135,(anonymous_7)
FN:156,(anonymous_8)
FN:175,(anonymous_9)
FNF:10
FNH:8
FNDA:7,(anonymous_0)
FNDA:7,(anonymous_1)
FNDA:1,(anonymous_2)
FNDA:1,nextArrival
FNDA:1,(anonymous_4)
FNDA:0,(anonymous_5)
FNDA:3,(anonymous_6)
FNDA:3,(anonymous_7)
FNDA:2,(anonymous_8)
FNDA:0,(anonymous_9)
DA:3,1
DA:4,1
DA:5,1
DA:6,1
DA:8,1
DA:9,1
DA:18,1
DA:19,7
DA:21,7
DA:22,7
DA:23,7
DA:24,7
DA:27,7
DA:31,1
DA:32,1
DA:33,1
DA:34,1
DA:40,0
DA:41,0
DA:51,1
DA:52,1
DA:59,1
DA:60,1
DA:64,1
DA:67,1
DA:68,0
DA:72,1
DA:75,1
DA:76,1
DA:84,1
DA:85,0
DA:91,1
DA:92,3
DA:93,3
DA:94,0
DA:99,3
DA:100,3
DA:105,2
DA:106,1
DA:109,1
DA:111,1
DA:112,0
DA:121,1
DA:130,1
DA:131,1
DA:135,1
DA:136,3
DA:137,3
DA:138,0
DA:140,3
DA:141,3
DA:142,3
DA:143,2
DA:144,0
DA:146,2
DA:147,2
DA:150,2
DA:151,0
DA:153,2
DA:155,2
DA:156,2
DA:158,2
DA:159,1
DA:161,1
DA:162,1
DA:169,1
DA:170,1
DA:175,1
DA:176,0
DA:182,1
LF:70
LH:60
BRDA:6,0,0,1
BRDA:6,0,1,1
BRDA:49,1,0,1
BRDA:49,2,0,1
BRDA:64,3,0,1
BRDA:64,3,1,0
BRDA:64,3,2,0
BRDA:64,3,3,1
BRDA:64,3,4,1
BRDA:64,3,5,0
BRDA:67,4,0,0
BRDA:67,4,1,1
BRDA:72,5,0,1
BRDA:72,5,1,0
BRDA:72,5,2,1
BRDA:72,5,3,0
BRDA:93,6,0,0
BRDA:93,6,1,3
BRDA:105,7,0,1
BRDA:105,7,1,1
BRDA:111,8,0,0
BRDA:111,8,1,1
BRDA:137,9,0,0
BRDA:137,9,1,3
BRDA:143,10,0,0
BRDA:143,10,1,2
BRDA:150,11,0,0
BRDA:150,11,1,2
BRDA:158,12,0,1
BRDA:158,12,1,1
BRF:30
BRH:19
end_of_record
TN:
SF:src\lib\time.js
FN:3,computeNextHHMM
FN:8,formatHHMM
FNF:2
FNH:2
FNDA:10,computeNextHHMM
FNDA:14,formatHHMM
DA:4,10
DA:5,10
DA:9,14
DA:12,1
LF:4
LH:4
BRF:0
BRH:0
end_of_record
